<?xml version="1.0" encoding="UTF-8"?>
<testng-results skipped="0" failed="0" ignored="0" total="1" passed="1">
  <reporter-output>
  </reporter-output>
  <suite name="Default suite" duration-ms="26857" started-at="2019-05-31T10:40:51Z" finished-at="2019-05-31T10:41:18Z">
    <groups>
    </groups>
    <test name="Default test" duration-ms="26857" started-at="2019-05-31T10:40:51Z" finished-at="2019-05-31T10:41:18Z">
      <class name="TestLuncher.Launcher">
        <test-method status="PASS" signature="demo()[pri:0, instance:TestLuncher.Launcher@72057ecf]" name="demo" duration-ms="26835" started-at="2019-05-31T10:40:51Z" finished-at="2019-05-31T10:41:18Z">
          <reporter-output>
          </reporter-output>
        </test-method> <!-- demo -->
      </class> <!-- TestLuncher.Launcher -->
    </test> <!-- Default test -->
  </suite> <!-- Default suite -->
</testng-results>
